2015/01/29 06:34:07 [error] [exception.CHttpException.404] exception 'CHttpException' with message 'Unable to resolve the request "fonts/glyphicons-halflings-regular.woff".' in C:\wamp\www\anthanh\framework\web\CWebApplication.php:286
Stack trace:
#0 C:\wamp\www\anthanh\framework\web\CWebApplication.php(141): CWebApplication->runController('fonts/glyphicon...')
#1 C:\wamp\www\anthanh\framework\base\CApplication.php(184): CWebApplication->processRequest()
#2 C:\wamp\www\anthanh\site\index.php(12): CApplication->run()
#3 {main}
REQUEST_URI=/site/fonts/glyphicons-halflings-regular.woff
HTTP_REFERER=http://anhthanhreals.vn/site/css/bootstrap.min.css
---
2015/01/29 06:34:07 [error] [exception.CHttpException.404] exception 'CHttpException' with message 'Unable to resolve the request "fonts/glyphicons-halflings-regular.ttf".' in C:\wamp\www\anthanh\framework\web\CWebApplication.php:286
Stack trace:
#0 C:\wamp\www\anthanh\framework\web\CWebApplication.php(141): CWebApplication->runController('fonts/glyphicon...')
#1 C:\wamp\www\anthanh\framework\base\CApplication.php(184): CWebApplication->processRequest()
#2 C:\wamp\www\anthanh\site\index.php(12): CApplication->run()
#3 {main}
REQUEST_URI=/site/fonts/glyphicons-halflings-regular.ttf
HTTP_REFERER=http://anhthanhreals.vn/site/css/bootstrap.min.css
---
2015/01/29 06:34:07 [error] [exception.CHttpException.404] exception 'CHttpException' with message 'Unable to resolve the request "fonts/glyphicons-halflings-regular.woff".' in C:\wamp\www\anthanh\framework\web\CWebApplication.php:286
Stack trace:
#0 C:\wamp\www\anthanh\framework\web\CWebApplication.php(141): CWebApplication->runController('fonts/glyphicon...')
#1 C:\wamp\www\anthanh\framework\base\CApplication.php(184): CWebApplication->processRequest()
#2 C:\wamp\www\anthanh\site\index.php(12): CApplication->run()
#3 {main}
REQUEST_URI=/site/fonts/glyphicons-halflings-regular.woff
HTTP_REFERER=http://anhthanhreals.vn/site/css/bootstrap.min.css
---
2015/01/29 06:34:08 [error] [exception.CHttpException.404] exception 'CHttpException' with message 'Unable to resolve the request "fonts/glyphicons-halflings-regular.ttf".' in C:\wamp\www\anthanh\framework\web\CWebApplication.php:286
Stack trace:
#0 C:\wamp\www\anthanh\framework\web\CWebApplication.php(141): CWebApplication->runController('fonts/glyphicon...')
#1 C:\wamp\www\anthanh\framework\base\CApplication.php(184): CWebApplication->processRequest()
#2 C:\wamp\www\anthanh\site\index.php(12): CApplication->run()
#3 {main}
REQUEST_URI=/site/fonts/glyphicons-halflings-regular.ttf
HTTP_REFERER=http://anhthanhreals.vn/site/css/bootstrap.min.css
---
2015/01/29 06:40:41 [error] [exception.CHttpException.404] exception 'CHttpException' with message 'Unable to resolve the request "fonts/glyphicons-halflings-regular.woff".' in C:\wamp\www\anthanh\framework\web\CWebApplication.php:286
Stack trace:
#0 C:\wamp\www\anthanh\framework\web\CWebApplication.php(141): CWebApplication->runController('fonts/glyphicon...')
#1 C:\wamp\www\anthanh\framework\base\CApplication.php(184): CWebApplication->processRequest()
#2 C:\wamp\www\anthanh\site\index.php(12): CApplication->run()
#3 {main}
REQUEST_URI=/site/fonts/glyphicons-halflings-regular.woff
HTTP_REFERER=http://anhthanhreals.vn/site/css/bootstrap.min.css
---
2015/01/29 06:40:41 [error] [exception.CHttpException.404] exception 'CHttpException' with message 'Unable to resolve the request "fonts/glyphicons-halflings-regular.ttf".' in C:\wamp\www\anthanh\framework\web\CWebApplication.php:286
Stack trace:
#0 C:\wamp\www\anthanh\framework\web\CWebApplication.php(141): CWebApplication->runController('fonts/glyphicon...')
#1 C:\wamp\www\anthanh\framework\base\CApplication.php(184): CWebApplication->processRequest()
#2 C:\wamp\www\anthanh\site\index.php(12): CApplication->run()
#3 {main}
REQUEST_URI=/site/fonts/glyphicons-halflings-regular.ttf
HTTP_REFERER=http://anhthanhreals.vn/site/css/bootstrap.min.css
---
2015/01/29 06:40:50 [error] [exception.CHttpException.404] exception 'CHttpException' with message 'Unable to resolve the request "fonts/glyphicons-halflings-regular.woff".' in C:\wamp\www\anthanh\framework\web\CWebApplication.php:286
Stack trace:
#0 C:\wamp\www\anthanh\framework\web\CWebApplication.php(141): CWebApplication->runController('fonts/glyphicon...')
#1 C:\wamp\www\anthanh\framework\base\CApplication.php(184): CWebApplication->processRequest()
#2 C:\wamp\www\anthanh\site\index.php(12): CApplication->run()
#3 {main}
REQUEST_URI=/site/fonts/glyphicons-halflings-regular.woff
HTTP_REFERER=http://anhthanhreals.vn/site/css/bootstrap.min.css
---
2015/01/29 06:40:50 [error] [exception.CHttpException.404] exception 'CHttpException' with message 'Unable to resolve the request "fonts/glyphicons-halflings-regular.ttf".' in C:\wamp\www\anthanh\framework\web\CWebApplication.php:286
Stack trace:
#0 C:\wamp\www\anthanh\framework\web\CWebApplication.php(141): CWebApplication->runController('fonts/glyphicon...')
#1 C:\wamp\www\anthanh\framework\base\CApplication.php(184): CWebApplication->processRequest()
#2 C:\wamp\www\anthanh\site\index.php(12): CApplication->run()
#3 {main}
REQUEST_URI=/site/fonts/glyphicons-halflings-regular.ttf
HTTP_REFERER=http://anhthanhreals.vn/site/css/bootstrap.min.css
---
2015/01/29 06:40:53 [error] [exception.CHttpException.404] exception 'CHttpException' with message 'Unable to resolve the request "fonts/glyphicons-halflings-regular.woff".' in C:\wamp\www\anthanh\framework\web\CWebApplication.php:286
Stack trace:
#0 C:\wamp\www\anthanh\framework\web\CWebApplication.php(141): CWebApplication->runController('fonts/glyphicon...')
#1 C:\wamp\www\anthanh\framework\base\CApplication.php(184): CWebApplication->processRequest()
#2 C:\wamp\www\anthanh\site\index.php(12): CApplication->run()
#3 {main}
REQUEST_URI=/site/fonts/glyphicons-halflings-regular.woff
HTTP_REFERER=http://anhthanhreals.vn/site/css/bootstrap.min.css
---
2015/01/29 06:40:53 [error] [exception.CHttpException.404] exception 'CHttpException' with message 'Unable to resolve the request "fonts/glyphicons-halflings-regular.ttf".' in C:\wamp\www\anthanh\framework\web\CWebApplication.php:286
Stack trace:
#0 C:\wamp\www\anthanh\framework\web\CWebApplication.php(141): CWebApplication->runController('fonts/glyphicon...')
#1 C:\wamp\www\anthanh\framework\base\CApplication.php(184): CWebApplication->processRequest()
#2 C:\wamp\www\anthanh\site\index.php(12): CApplication->run()
#3 {main}
REQUEST_URI=/site/fonts/glyphicons-halflings-regular.ttf
HTTP_REFERER=http://anhthanhreals.vn/site/css/bootstrap.min.css
---
2015/01/29 06:41:55 [error] [exception.CHttpException.404] exception 'CHttpException' with message 'Unable to resolve the request "fonts/glyphicons-halflings-regular.woff".' in C:\wamp\www\anthanh\framework\web\CWebApplication.php:286
Stack trace:
#0 C:\wamp\www\anthanh\framework\web\CWebApplication.php(141): CWebApplication->runController('fonts/glyphicon...')
#1 C:\wamp\www\anthanh\framework\base\CApplication.php(184): CWebApplication->processRequest()
#2 C:\wamp\www\anthanh\site\index.php(12): CApplication->run()
#3 {main}
REQUEST_URI=/site/fonts/glyphicons-halflings-regular.woff
HTTP_REFERER=http://anhthanhreals.vn/site/css/bootstrap.min.css
---
2015/01/29 06:41:55 [error] [exception.CHttpException.404] exception 'CHttpException' with message 'Unable to resolve the request "fonts/glyphicons-halflings-regular.ttf".' in C:\wamp\www\anthanh\framework\web\CWebApplication.php:286
Stack trace:
#0 C:\wamp\www\anthanh\framework\web\CWebApplication.php(141): CWebApplication->runController('fonts/glyphicon...')
#1 C:\wamp\www\anthanh\framework\base\CApplication.php(184): CWebApplication->processRequest()
#2 C:\wamp\www\anthanh\site\index.php(12): CApplication->run()
#3 {main}
REQUEST_URI=/site/fonts/glyphicons-halflings-regular.ttf
HTTP_REFERER=http://anhthanhreals.vn/site/css/bootstrap.min.css
---
2015/01/29 06:42:22 [error] [exception.CHttpException.404] exception 'CHttpException' with message 'Unable to resolve the request "fonts/glyphicons-halflings-regular.woff".' in C:\wamp\www\anthanh\framework\web\CWebApplication.php:286
Stack trace:
#0 C:\wamp\www\anthanh\framework\web\CWebApplication.php(141): CWebApplication->runController('fonts/glyphicon...')
#1 C:\wamp\www\anthanh\framework\base\CApplication.php(184): CWebApplication->processRequest()
#2 C:\wamp\www\anthanh\site\index.php(12): CApplication->run()
#3 {main}
REQUEST_URI=/site/fonts/glyphicons-halflings-regular.woff
HTTP_REFERER=http://anhthanhreals.vn/site/css/bootstrap.min.css
---
2015/01/29 06:42:22 [error] [exception.CHttpException.404] exception 'CHttpException' with message 'Unable to resolve the request "fonts/glyphicons-halflings-regular.ttf".' in C:\wamp\www\anthanh\framework\web\CWebApplication.php:286
Stack trace:
#0 C:\wamp\www\anthanh\framework\web\CWebApplication.php(141): CWebApplication->runController('fonts/glyphicon...')
#1 C:\wamp\www\anthanh\framework\base\CApplication.php(184): CWebApplication->processRequest()
#2 C:\wamp\www\anthanh\site\index.php(12): CApplication->run()
#3 {main}
REQUEST_URI=/site/fonts/glyphicons-halflings-regular.ttf
HTTP_REFERER=http://anhthanhreals.vn/site/css/bootstrap.min.css
---
2015/01/29 06:42:22 [error] [exception.CHttpException.404] exception 'CHttpException' with message 'Unable to resolve the request "fonts/glyphicons-halflings-regular.woff".' in C:\wamp\www\anthanh\framework\web\CWebApplication.php:286
Stack trace:
#0 C:\wamp\www\anthanh\framework\web\CWebApplication.php(141): CWebApplication->runController('fonts/glyphicon...')
#1 C:\wamp\www\anthanh\framework\base\CApplication.php(184): CWebApplication->processRequest()
#2 C:\wamp\www\anthanh\site\index.php(12): CApplication->run()
#3 {main}
REQUEST_URI=/site/fonts/glyphicons-halflings-regular.woff
HTTP_REFERER=http://anhthanhreals.vn/site/css/bootstrap.min.css
---
2015/01/29 06:42:22 [error] [exception.CHttpException.404] exception 'CHttpException' with message 'Unable to resolve the request "fonts/glyphicons-halflings-regular.ttf".' in C:\wamp\www\anthanh\framework\web\CWebApplication.php:286
Stack trace:
#0 C:\wamp\www\anthanh\framework\web\CWebApplication.php(141): CWebApplication->runController('fonts/glyphicon...')
#1 C:\wamp\www\anthanh\framework\base\CApplication.php(184): CWebApplication->processRequest()
#2 C:\wamp\www\anthanh\site\index.php(12): CApplication->run()
#3 {main}
REQUEST_URI=/site/fonts/glyphicons-halflings-regular.ttf
HTTP_REFERER=http://anhthanhreals.vn/site/css/bootstrap.min.css
---
2015/01/29 06:42:34 [error] [exception.CHttpException.404] exception 'CHttpException' with message 'Unable to resolve the request "fonts/glyphicons-halflings-regular.woff".' in C:\wamp\www\anthanh\framework\web\CWebApplication.php:286
Stack trace:
#0 C:\wamp\www\anthanh\framework\web\CWebApplication.php(141): CWebApplication->runController('fonts/glyphicon...')
#1 C:\wamp\www\anthanh\framework\base\CApplication.php(184): CWebApplication->processRequest()
#2 C:\wamp\www\anthanh\site\index.php(12): CApplication->run()
#3 {main}
REQUEST_URI=/site/fonts/glyphicons-halflings-regular.woff
HTTP_REFERER=http://anhthanhreals.vn/site/css/bootstrap.min.css
---
2015/01/29 06:42:34 [error] [exception.CHttpException.404] exception 'CHttpException' with message 'Unable to resolve the request "fonts/glyphicons-halflings-regular.ttf".' in C:\wamp\www\anthanh\framework\web\CWebApplication.php:286
Stack trace:
#0 C:\wamp\www\anthanh\framework\web\CWebApplication.php(141): CWebApplication->runController('fonts/glyphicon...')
#1 C:\wamp\www\anthanh\framework\base\CApplication.php(184): CWebApplication->processRequest()
#2 C:\wamp\www\anthanh\site\index.php(12): CApplication->run()
#3 {main}
REQUEST_URI=/site/fonts/glyphicons-halflings-regular.ttf
HTTP_REFERER=http://anhthanhreals.vn/site/css/bootstrap.min.css
---
2015/01/29 06:42:51 [error] [exception.CHttpException.404] exception 'CHttpException' with message 'Unable to resolve the request "fonts/glyphicons-halflings-regular.woff".' in C:\wamp\www\anthanh\framework\web\CWebApplication.php:286
Stack trace:
#0 C:\wamp\www\anthanh\framework\web\CWebApplication.php(141): CWebApplication->runController('fonts/glyphicon...')
#1 C:\wamp\www\anthanh\framework\base\CApplication.php(184): CWebApplication->processRequest()
#2 C:\wamp\www\anthanh\site\index.php(12): CApplication->run()
#3 {main}
REQUEST_URI=/site/fonts/glyphicons-halflings-regular.woff
HTTP_REFERER=http://anhthanhreals.vn/site/css/bootstrap.min.css
---
2015/01/29 06:42:51 [error] [exception.CHttpException.404] exception 'CHttpException' with message 'Unable to resolve the request "fonts/glyphicons-halflings-regular.ttf".' in C:\wamp\www\anthanh\framework\web\CWebApplication.php:286
Stack trace:
#0 C:\wamp\www\anthanh\framework\web\CWebApplication.php(141): CWebApplication->runController('fonts/glyphicon...')
#1 C:\wamp\www\anthanh\framework\base\CApplication.php(184): CWebApplication->processRequest()
#2 C:\wamp\www\anthanh\site\index.php(12): CApplication->run()
#3 {main}
REQUEST_URI=/site/fonts/glyphicons-halflings-regular.ttf
HTTP_REFERER=http://anhthanhreals.vn/site/css/bootstrap.min.css
---
2015/01/29 06:43:27 [error] [exception.CHttpException.404] exception 'CHttpException' with message 'Unable to resolve the request "fonts/glyphicons-halflings-regular.woff".' in C:\wamp\www\anthanh\framework\web\CWebApplication.php:286
Stack trace:
#0 C:\wamp\www\anthanh\framework\web\CWebApplication.php(141): CWebApplication->runController('fonts/glyphicon...')
#1 C:\wamp\www\anthanh\framework\base\CApplication.php(184): CWebApplication->processRequest()
#2 C:\wamp\www\anthanh\site\index.php(12): CApplication->run()
#3 {main}
REQUEST_URI=/site/fonts/glyphicons-halflings-regular.woff
HTTP_REFERER=http://anhthanhreals.vn/site/css/bootstrap.min.css
---
2015/01/29 06:43:27 [error] [exception.CHttpException.404] exception 'CHttpException' with message 'Unable to resolve the request "fonts/glyphicons-halflings-regular.ttf".' in C:\wamp\www\anthanh\framework\web\CWebApplication.php:286
Stack trace:
#0 C:\wamp\www\anthanh\framework\web\CWebApplication.php(141): CWebApplication->runController('fonts/glyphicon...')
#1 C:\wamp\www\anthanh\framework\base\CApplication.php(184): CWebApplication->processRequest()
#2 C:\wamp\www\anthanh\site\index.php(12): CApplication->run()
#3 {main}
REQUEST_URI=/site/fonts/glyphicons-halflings-regular.ttf
HTTP_REFERER=http://anhthanhreals.vn/site/css/bootstrap.min.css
---
2015/01/29 06:43:28 [error] [exception.CHttpException.404] exception 'CHttpException' with message 'Unable to resolve the request "fonts/glyphicons-halflings-regular.woff".' in C:\wamp\www\anthanh\framework\web\CWebApplication.php:286
Stack trace:
#0 C:\wamp\www\anthanh\framework\web\CWebApplication.php(141): CWebApplication->runController('fonts/glyphicon...')
#1 C:\wamp\www\anthanh\framework\base\CApplication.php(184): CWebApplication->processRequest()
#2 C:\wamp\www\anthanh\site\index.php(12): CApplication->run()
#3 {main}
REQUEST_URI=/site/fonts/glyphicons-halflings-regular.woff
HTTP_REFERER=http://anhthanhreals.vn/site/css/bootstrap.min.css
---
2015/01/29 06:43:28 [error] [exception.CHttpException.404] exception 'CHttpException' with message 'Unable to resolve the request "fonts/glyphicons-halflings-regular.ttf".' in C:\wamp\www\anthanh\framework\web\CWebApplication.php:286
Stack trace:
#0 C:\wamp\www\anthanh\framework\web\CWebApplication.php(141): CWebApplication->runController('fonts/glyphicon...')
#1 C:\wamp\www\anthanh\framework\base\CApplication.php(184): CWebApplication->processRequest()
#2 C:\wamp\www\anthanh\site\index.php(12): CApplication->run()
#3 {main}
REQUEST_URI=/site/fonts/glyphicons-halflings-regular.ttf
HTTP_REFERER=http://anhthanhreals.vn/site/css/bootstrap.min.css
---
2015/01/29 07:01:53 [error] [exception.CHttpException.404] exception 'CHttpException' with message 'Unable to resolve the request "fonts/glyphicons-halflings-regular.woff".' in C:\wamp\www\anthanh\framework\web\CWebApplication.php:286
Stack trace:
#0 C:\wamp\www\anthanh\framework\web\CWebApplication.php(141): CWebApplication->runController('fonts/glyphicon...')
#1 C:\wamp\www\anthanh\framework\base\CApplication.php(184): CWebApplication->processRequest()
#2 C:\wamp\www\anthanh\site\index.php(12): CApplication->run()
#3 {main}
REQUEST_URI=/site/fonts/glyphicons-halflings-regular.woff
HTTP_REFERER=http://anhthanhreals.vn/site/css/bootstrap.min.css
---
2015/01/29 07:01:53 [error] [exception.CHttpException.404] exception 'CHttpException' with message 'Unable to resolve the request "fonts/glyphicons-halflings-regular.ttf".' in C:\wamp\www\anthanh\framework\web\CWebApplication.php:286
Stack trace:
#0 C:\wamp\www\anthanh\framework\web\CWebApplication.php(141): CWebApplication->runController('fonts/glyphicon...')
#1 C:\wamp\www\anthanh\framework\base\CApplication.php(184): CWebApplication->processRequest()
#2 C:\wamp\www\anthanh\site\index.php(12): CApplication->run()
#3 {main}
REQUEST_URI=/site/fonts/glyphicons-halflings-regular.ttf
HTTP_REFERER=http://anhthanhreals.vn/site/css/bootstrap.min.css
---
