2015/01/25 18:10:26 [error] [exception.CException] exception 'CException' with message 'Property "CMenu.0" is not defined.' in /var/www/anthanh/framework/base/CComponent.php:173
Stack trace:
#0 /var/www/anthanh/framework/web/CWidgetFactory.php(161): CComponent->__set('0', true)
#1 /var/www/anthanh/framework/web/CBaseController.php(146): CWidgetFactory->createWidget(Object(SiteController), 'zii.widgets.CMe...', Array)
#2 /var/www/anthanh/framework/web/CBaseController.php(180): CBaseController->createWidget('zii.widgets.CMe...', Array)
#3 /var/www/anthanh/admin/protected/views/layouts/main.php(38): CBaseController->widget('zii.widgets.CMe...', Array)
#4 /var/www/anthanh/framework/web/CBaseController.php(126): require('/var/www/anthan...')
#5 /var/www/anthanh/framework/web/CBaseController.php(95): CBaseController->renderInternal('/var/www/anthan...', Array, true)
#6 /var/www/anthanh/framework/web/widgets/CContentDecorator.php(76): CBaseController->renderFile('/var/www/anthan...', Array, true)
#7 /var/www/anthanh/framework/web/widgets/CContentDecorator.php(54): CContentDecorator->decorate('<div id="conten...')
#8 /var/www/anthanh/framework/web/widgets/COutputProcessor.php(44): CContentDecorator->processOutput('<div id="conten...')
#9 /var/www/anthanh/framework/web/CBaseController.php(214): COutputProcessor->run()
#10 /var/www/anthanh/framework/web/CBaseController.php(308): CBaseController->endWidget('CContentDecorat...')
#11 /var/www/anthanh/admin/protected/views/layouts/column1.php(6): CBaseController->endContent()
#12 /var/www/anthanh/framework/web/CBaseController.php(126): require('/var/www/anthan...')
#13 /var/www/anthanh/framework/web/CBaseController.php(95): CBaseController->renderInternal('/var/www/anthan...', Array, true)
#14 /var/www/anthanh/framework/web/CController.php(784): CBaseController->renderFile('/var/www/anthan...', Array, true)
#15 /var/www/anthanh/admin/protected/controllers/SiteController.php(32): CController->render('index')
#16 /var/www/anthanh/framework/web/actions/CInlineAction.php(49): SiteController->actionIndex()
#17 /var/www/anthanh/framework/web/CController.php(308): CInlineAction->runWithParams(Array)
#18 /var/www/anthanh/framework/web/CController.php(286): CController->runAction(Object(CInlineAction))
#19 /var/www/anthanh/framework/web/CController.php(265): CController->runActionWithFilters(Object(CInlineAction), Array)
#20 /var/www/anthanh/framework/web/CWebApplication.php(282): CController->run('')
#21 /var/www/anthanh/framework/web/CWebApplication.php(141): CWebApplication->runController('')
#22 /var/www/anthanh/framework/base/CApplication.php(184): CWebApplication->processRequest()
#23 /var/www/anthanh/admin/index.php(13): CApplication->run()
#24 {main}
REQUEST_URI=/admin/
---
